0 [main] ERROR com.documentum.fc.common.impl.logging.LoggingConfigurator  - Problem locating log4j configuration
3 [main] WARN com.documentum.fc.common.impl.logging.LoggingConfigurator  - Using default log4j configuration
12 [main] ERROR com.documentum.fc.common.impl.preferences.PreferencesManager  - [DFC_PREFERENCE_LOAD_FAILED] Failed to load persistent preferences from null
java.io.FileNotFoundException: dfc.properties
	at com.documentum.fc.common.impl.preferences.PreferencesManager.locateMainPersistentStore(PreferencesManager.java:378)
	at com.documentum.fc.common.impl.preferences.PreferencesManager.readPersistentProperties(PreferencesManager.java:329)
	at com.documentum.fc.common.impl.preferences.PreferencesManager.<init>(PreferencesManager.java:37)
	at com.documentum.fc.common.DfPreferences.initialize(DfPreferences.java:64)
	at com.documentum.fc.common.DfPreferences.getInstance(DfPreferences.java:43)
	at com.documentum.fc.client.DfSimpleDbor.getDefaultDbor(DfSimpleDbor.java:78)
	at com.documentum.fc.client.DfSimpleDbor.<init>(DfSimpleDbor.java:66)
	at com.documentum.fc.client.DfClient$ClientImpl.<init>(DfClient.java:350)
	at com.documentum.fc.client.DfClient.<clinit>(DfClient.java:766)
	at org.pockito.xcp.entitymanager.DctmDriverImpl.getSessionManager(DctmDriverImpl.java:73)
	at org.pockito.xcp.entitymanager.XcpEntityManagerFactory.createDmsEntityManager(XcpEntityManagerFactory.java:72)
	at org.pockito.xcp.repository.command.XcpRepoCmdImpl.connect(XcpRepoCmdImpl.java:83)
	at org.pockito.xcp.repository.command.XcpRepoCmdFactory.create(XcpRepoCmdFactory.java:34)
	at org.pockito.xcp.repository.XcpGenericRepoImpl.createSharedCmd(XcpGenericRepoImpl.java:113)
	at org.pockito.xcp.config.XcpConfigTool.exportConfig(XcpConfigTool.java:30)
	at org.pockito.xcp.config.App.main(App.java:37)
9331 [main] ERROR com.documentum.fc.client.security.impl.IdentityManager  - [DFC_SECURITY_IDENTITY_INIT] no identity initialization or incomplete identity initialization
DfException:: THREAD: main; MSG: ; ERRORCODE: ff; NEXT: null
	at com.documentum.fc.client.security.impl.JKSKeystoreUtil.creteNewKeystoreFile(JKSKeystoreUtil.java:425)
	at com.documentum.fc.client.security.impl.JKSKeystoreUtil.createNewKeystore(JKSKeystoreUtil.java:209)
	at com.documentum.fc.client.security.impl.DfcIdentityKeystore.applyDfcInitPolicy(DfcIdentityKeystore.java:95)
	at com.documentum.fc.client.security.impl.DfcIdentityKeystore.<init>(DfcIdentityKeystore.java:44)
	at com.documentum.fc.client.security.impl.InitializeKeystoreForDfc.init(InitializeKeystoreForDfc.java:129)
	at com.documentum.fc.client.security.impl.InitializeKeystoreForDfc.execute(InitializeKeystoreForDfc.java:54)
	at com.documentum.fc.client.security.internal.KeystoreMgr.initForDfcWithDefaultPolicy(KeystoreMgr.java:71)
	at com.documentum.fc.client.security.impl.IdentityManager.initFromKeystore(IdentityManager.java:139)
	at com.documentum.fc.client.security.impl.IdentityManager.<init>(IdentityManager.java:41)
	at com.documentum.fc.impl.RuntimeContext.<init>(RuntimeContext.java:52)
	at com.documentum.fc.impl.RuntimeContext.<clinit>(RuntimeContext.java:185)
	at com.documentum.fc.client.DfClient.<clinit>(DfClient.java:772)
	at org.pockito.xcp.entitymanager.DctmDriverImpl.getSessionManager(DctmDriverImpl.java:73)
	at org.pockito.xcp.entitymanager.XcpEntityManagerFactory.createDmsEntityManager(XcpEntityManagerFactory.java:72)
	at org.pockito.xcp.repository.command.XcpRepoCmdImpl.connect(XcpRepoCmdImpl.java:83)
	at org.pockito.xcp.repository.command.XcpRepoCmdFactory.create(XcpRepoCmdFactory.java:34)
	at org.pockito.xcp.repository.XcpGenericRepoImpl.createSharedCmd(XcpGenericRepoImpl.java:113)
	at org.pockito.xcp.config.XcpConfigTool.exportConfig(XcpConfigTool.java:30)
	at org.pockito.xcp.config.App.main(App.java:37)
Caused by: java.io.IOException: Permission denied
	at java.io.UnixFileSystem.createFileExclusively(Native Method)
	at java.io.File.createNewFile(File.java:1006)
	at com.documentum.fc.client.security.impl.JKSKeystoreUtil.creteNewKeystoreFile(JKSKeystoreUtil.java:412)
	... 18 more
9435 [main] WARN com.documentum.fc.client.security.internal.RegistrationMgr  - [DFC_SECURITY_GR_PUBLICATION_FAILED] Publication of DFC instance with global registry failed
DfException:: THREAD: main; MSG: [DFC_BOF_GLOBAL_REGISTRY_NOT_CONFIGURED] A global registry is not configured; ERRORCODE: ff; NEXT: null
	at com.documentum.fc.client.security.impl.DfcIdentityPublisher.<init>(DfcIdentityPublisher.java:51)
	at com.documentum.fc.client.security.internal.RegistrationMgr.register(RegistrationMgr.java:34)
	at com.documentum.fc.impl.RuntimeContext.<clinit>(RuntimeContext.java:195)
	at com.documentum.fc.client.DfClient.<clinit>(DfClient.java:772)
	at org.pockito.xcp.entitymanager.DctmDriverImpl.getSessionManager(DctmDriverImpl.java:73)
	at org.pockito.xcp.entitymanager.XcpEntityManagerFactory.createDmsEntityManager(XcpEntityManagerFactory.java:72)
	at org.pockito.xcp.repository.command.XcpRepoCmdImpl.connect(XcpRepoCmdImpl.java:83)
	at org.pockito.xcp.repository.command.XcpRepoCmdFactory.create(XcpRepoCmdFactory.java:34)
	at org.pockito.xcp.repository.XcpGenericRepoImpl.createSharedCmd(XcpGenericRepoImpl.java:113)
	at org.pockito.xcp.config.XcpConfigTool.exportConfig(XcpConfigTool.java:30)
	at org.pockito.xcp.config.App.main(App.java:37)
0 [main] ERROR com.documentum.fc.common.impl.logging.LoggingConfigurator  - Problem locating log4j configuration
1 [main] WARN com.documentum.fc.common.impl.logging.LoggingConfigurator  - Using default log4j configuration
3 [main] ERROR com.documentum.fc.common.impl.preferences.PreferencesManager  - [DFC_PREFERENCE_LOAD_FAILED] Failed to load persistent preferences from null
java.io.FileNotFoundException: dfc.properties
	at com.documentum.fc.common.impl.preferences.PreferencesManager.locateMainPersistentStore(PreferencesManager.java:378)
	at com.documentum.fc.common.impl.preferences.PreferencesManager.readPersistentProperties(PreferencesManager.java:329)
	at com.documentum.fc.common.impl.preferences.PreferencesManager.<init>(PreferencesManager.java:37)
	at com.documentum.fc.common.DfPreferences.initialize(DfPreferences.java:64)
	at com.documentum.fc.common.DfPreferences.getInstance(DfPreferences.java:43)
	at com.documentum.fc.client.DfSimpleDbor.getDefaultDbor(DfSimpleDbor.java:78)
	at com.documentum.fc.client.DfSimpleDbor.<init>(DfSimpleDbor.java:66)
	at com.documentum.fc.client.DfClient$ClientImpl.<init>(DfClient.java:350)
	at com.documentum.fc.client.DfClient.<clinit>(DfClient.java:766)
	at org.pockito.xcp.entitymanager.DctmDriverImpl.getSessionManager(DctmDriverImpl.java:73)
	at org.pockito.xcp.entitymanager.XcpEntityManagerFactory.createDmsEntityManager(XcpEntityManagerFactory.java:72)
	at org.pockito.xcp.repository.command.XcpRepoCmdImpl.connect(XcpRepoCmdImpl.java:83)
	at org.pockito.xcp.repository.command.XcpRepoCmdFactory.create(XcpRepoCmdFactory.java:34)
	at org.pockito.xcp.repository.XcpGenericRepoImpl.createSharedCmd(XcpGenericRepoImpl.java:113)
	at org.pockito.xcp.config.XcpConfigTool.exportConfig(XcpConfigTool.java:30)
	at org.pockito.xcp.config.App.main(App.java:37)
2398 [main] ERROR com.documentum.fc.client.security.impl.IdentityManager  - [DFC_SECURITY_IDENTITY_INIT] no identity initialization or incomplete identity initialization
DfException:: THREAD: main; MSG: ; ERRORCODE: ff; NEXT: null
	at com.documentum.fc.client.security.impl.JKSKeystoreUtil.creteNewKeystoreFile(JKSKeystoreUtil.java:425)
	at com.documentum.fc.client.security.impl.JKSKeystoreUtil.createNewKeystore(JKSKeystoreUtil.java:209)
	at com.documentum.fc.client.security.impl.DfcIdentityKeystore.applyDfcInitPolicy(DfcIdentityKeystore.java:95)
	at com.documentum.fc.client.security.impl.DfcIdentityKeystore.<init>(DfcIdentityKeystore.java:44)
	at com.documentum.fc.client.security.impl.InitializeKeystoreForDfc.init(InitializeKeystoreForDfc.java:129)
	at com.documentum.fc.client.security.impl.InitializeKeystoreForDfc.execute(InitializeKeystoreForDfc.java:54)
	at com.documentum.fc.client.security.internal.KeystoreMgr.initForDfcWithDefaultPolicy(KeystoreMgr.java:71)
	at com.documentum.fc.client.security.impl.IdentityManager.initFromKeystore(IdentityManager.java:139)
	at com.documentum.fc.client.security.impl.IdentityManager.<init>(IdentityManager.java:41)
	at com.documentum.fc.impl.RuntimeContext.<init>(RuntimeContext.java:52)
	at com.documentum.fc.impl.RuntimeContext.<clinit>(RuntimeContext.java:185)
	at com.documentum.fc.client.DfClient.<clinit>(DfClient.java:772)
	at org.pockito.xcp.entitymanager.DctmDriverImpl.getSessionManager(DctmDriverImpl.java:73)
	at org.pockito.xcp.entitymanager.XcpEntityManagerFactory.createDmsEntityManager(XcpEntityManagerFactory.java:72)
	at org.pockito.xcp.repository.command.XcpRepoCmdImpl.connect(XcpRepoCmdImpl.java:83)
	at org.pockito.xcp.repository.command.XcpRepoCmdFactory.create(XcpRepoCmdFactory.java:34)
	at org.pockito.xcp.repository.XcpGenericRepoImpl.createSharedCmd(XcpGenericRepoImpl.java:113)
	at org.pockito.xcp.config.XcpConfigTool.exportConfig(XcpConfigTool.java:30)
	at org.pockito.xcp.config.App.main(App.java:37)
Caused by: java.io.IOException: Permission denied
	at java.io.UnixFileSystem.createFileExclusively(Native Method)
	at java.io.File.createNewFile(File.java:1006)
	at com.documentum.fc.client.security.impl.JKSKeystoreUtil.creteNewKeystoreFile(JKSKeystoreUtil.java:412)
	... 18 more
2430 [main] WARN com.documentum.fc.client.security.internal.RegistrationMgr  - [DFC_SECURITY_GR_PUBLICATION_FAILED] Publication of DFC instance with global registry failed
DfException:: THREAD: main; MSG: [DFC_BOF_GLOBAL_REGISTRY_NOT_CONFIGURED] A global registry is not configured; ERRORCODE: ff; NEXT: null
	at com.documentum.fc.client.security.impl.DfcIdentityPublisher.<init>(DfcIdentityPublisher.java:51)
	at com.documentum.fc.client.security.internal.RegistrationMgr.register(RegistrationMgr.java:34)
	at com.documentum.fc.impl.RuntimeContext.<clinit>(RuntimeContext.java:195)
	at com.documentum.fc.client.DfClient.<clinit>(DfClient.java:772)
	at org.pockito.xcp.entitymanager.DctmDriverImpl.getSessionManager(DctmDriverImpl.java:73)
	at org.pockito.xcp.entitymanager.XcpEntityManagerFactory.createDmsEntityManager(XcpEntityManagerFactory.java:72)
	at org.pockito.xcp.repository.command.XcpRepoCmdImpl.connect(XcpRepoCmdImpl.java:83)
	at org.pockito.xcp.repository.command.XcpRepoCmdFactory.create(XcpRepoCmdFactory.java:34)
	at org.pockito.xcp.repository.XcpGenericRepoImpl.createSharedCmd(XcpGenericRepoImpl.java:113)
	at org.pockito.xcp.config.XcpConfigTool.exportConfig(XcpConfigTool.java:30)
	at org.pockito.xcp.config.App.main(App.java:37)
